1614206811996	geckodriver	INFO	Listening on 127.0.0.1:50863
1614206815005	mozrunner::runner	INFO	Running command: "C:\\Program Files\\Mozilla Firefox\\firefox.exe" "--marionette" "-foreground" "-no-remote" "-profile" "C:\\Users\\Dell\\AppData\\Local\\Temp\\rust_mozprofileGJJf9W"
1614206953156	geckodriver	INFO	Listening on 127.0.0.1:50997
1614206956168	mozrunner::runner	INFO	Running command: "C:\\Program Files\\Mozilla Firefox\\firefox.exe" "--marionette" "-foreground" "-no-remote" "-profile" "C:\\Users\\Dell\\AppData\\Local\\Temp\\rust_mozprofile7uHle4"
console.warn: SearchSettings: "get: No settings file exists, new profile?" (new Error("", "(unknown module)"))
1614206958514	Marionette	INFO	Listening on port 51006
1614206958801	Marionette	WARN	TLS certificate errors will be ignored for this session
1614206958812	Marionette	ERROR	[15] No reply from Marionette:Register
console.warn: SearchSettings: "get: No settings file exists, new profile?" (new Error("", "(unknown module)"))
1614207031100	Marionette	INFO	Stopped listening on port 51006

###!!! [Child][RunMessage] Error: Channel closing: too late to send/recv, messages will be lost

1614207547694	geckodriver	INFO	Listening on 127.0.0.1:51632
1614207550704	mozrunner::runner	INFO	Running command: "C:\\Program Files\\Mozilla Firefox\\firefox.exe" "--marionette" "-foreground" "-no-remote" "-profile" "C:\\Users\\Dell\\AppData\\Local\\Temp\\rust_mozprofileCXox3I"
console.warn: SearchSettings: "get: No settings file exists, new profile?" (new Error("", "(unknown module)"))
1614207553567	Marionette	INFO	Listening on port 51640
1614207553848	Marionette	WARN	TLS certificate errors will be ignored for this session
1614207553865	Marionette	ERROR	[15] No reply from Marionette:Register
console.warn: SearchSettings: "get: No settings file exists, new profile?" (new Error("", "(unknown module)"))
console.log: WebExtensions: reset-default-search: No addons in our list are installed.
1614208362654	Marionette	INFO	Stopped listening on port 51640

###!!! [Child][RunMessage] Error: Channel closing: too late to send/recv, messages will be lost

1614208399242	geckodriver	INFO	Listening on 127.0.0.1:52065
1614208402263	mozrunner::runner	INFO	Running command: "C:\\Program Files\\Mozilla Firefox\\firefox.exe" "--marionette" "-foreground" "-no-remote" "-profile" "C:\\Users\\Dell\\AppData\\Local\\Temp\\rust_mozprofileSME0Rs"
console.warn: SearchSettings: "get: No settings file exists, new profile?" (new Error("", "(unknown module)"))
1614208404548	Marionette	INFO	Listening on port 52077
1614208404897	Marionette	WARN	TLS certificate errors will be ignored for this session
1614208404908	Marionette	ERROR	[15] No reply from Marionette:Register
console.warn: SearchSettings: "get: No settings file exists, new profile?" (new Error("", "(unknown module)"))
1614208410884	Marionette	INFO	Stopped listening on port 52077

###!!! [Child][RunMessage] Error: Channel closing: too late to send/recv, messages will be lost

1614208812882	geckodriver	INFO	Listening on 127.0.0.1:52355
1614208815928	mozrunner::runner	INFO	Running command: "C:\\Program Files\\Mozilla Firefox\\firefox.exe" "--marionette" "-foreground" "-no-remote" "-profile" "C:\\Users\\Dell\\AppData\\Local\\Temp\\rust_mozprofiledBsAUg"
console.warn: SearchSettings: "get: No settings file exists, new profile?" (new Error("", "(unknown module)"))
1614208818217	Marionette	INFO	Listening on port 52365
1614208818552	Marionette	WARN	TLS certificate errors will be ignored for this session
1614208818564	Marionette	ERROR	[15] No reply from Marionette:Register
console.warn: SearchSettings: "get: No settings file exists, new profile?" (new Error("", "(unknown module)"))
1614208821355	Marionette	INFO	Stopped listening on port 52365

###!!! [Child][RunMessage] Error: Channel closing: too late to send/recv, messages will be lost

1614209963483	geckodriver	INFO	Listening on 127.0.0.1:52886
1614209966497	mozrunner::runner	INFO	Running command: "C:\\Program Files\\Mozilla Firefox\\firefox.exe" "--marionette" "-foreground" "-no-remote" "-profile" "C:\\Users\\Dell\\AppData\\Local\\Temp\\rust_mozprofileCmITPE"
console.warn: SearchSettings: "get: No settings file exists, new profile?" (new Error("", "(unknown module)"))
1614209969101	Marionette	INFO	Listening on port 52896
1614209969158	Marionette	WARN	TLS certificate errors will be ignored for this session
1614209969179	Marionette	ERROR	[15] No reply from Marionette:Register
1614209969378	Marionette	INFO	Stopped listening on port 52896
JavaScript error: resource://activity-stream/lib/ASRouter.jsm, line 987: NS_ERROR_ILLEGAL_VALUE: Component returned failure code: 0x80070057 (NS_ERROR_ILLEGAL_VALUE) [nsIObserverService.removeObserver]
console.error: services.settings: 
  main/fxmonitor-breaches Signature failed  TypeError: NetworkError when attempting to fetch resource.

###!!! [Child][RunMessage] Error: Channel closing: too late to send/recv, messages will be lost

